0 info it worked if it ends with ok
1 verbose cli [ 'C:\\Program Files\\nodejs\\node.exe',
1 verbose cli   'C:\\Program Files\\nodejs\\node_modules\\npm\\bin\\npm-cli.js',
1 verbose cli   'install',
1 verbose cli   'iconv',
1 verbose cli   '--save' ]
2 info using npm@3.10.8
3 info using node@v6.9.1
4 silly loadCurrentTree Starting
5 silly install loadCurrentTree
6 silly install readLocalPackageData
7 silly fetchPackageMetaData iconv
8 silly fetchNamedPackageData iconv
9 silly mapToRegistry name iconv
10 silly mapToRegistry using default registry
11 silly mapToRegistry registry https://registry.npmjs.org/
12 silly mapToRegistry data Result {
12 silly mapToRegistry   raw: 'iconv',
12 silly mapToRegistry   scope: null,
12 silly mapToRegistry   escapedName: 'iconv',
12 silly mapToRegistry   name: 'iconv',
12 silly mapToRegistry   rawSpec: '',
12 silly mapToRegistry   spec: 'latest',
12 silly mapToRegistry   type: 'tag' }
13 silly mapToRegistry uri https://registry.npmjs.org/iconv
14 verbose request uri https://registry.npmjs.org/iconv
15 verbose request no auth needed
16 info attempt registry request try #1 at 13:53:19
17 verbose request using bearer token for auth
18 verbose request id 8c94d5e883a660e0
19 verbose etag W/"59f2b039-a12b"
20 verbose lastModified Fri, 27 Oct 2017 04:04:09 GMT
21 http request GET https://registry.npmjs.org/iconv
22 http 304 https://registry.npmjs.org/iconv
23 verbose headers { server: 'nginx/1.10.1',
23 verbose headers   'last-modified': 'Fri, 27 Oct 2017 04:04:09 GMT',
23 verbose headers   etag: '"59f2b039-a12b"',
23 verbose headers   'cache-control': 'max-age=300',
23 verbose headers   'accept-ranges': 'bytes',
23 verbose headers   date: 'Tue, 31 Oct 2017 04:53:20 GMT',
23 verbose headers   via: '1.1 varnish',
23 verbose headers   connection: 'keep-alive',
23 verbose headers   'x-served-by': 'cache-nrt6143-NRT',
23 verbose headers   'x-cache': 'MISS',
23 verbose headers   'x-cache-hits': '0',
23 verbose headers   'x-timer': 'S1509425600.011683,VS0,VE615',
23 verbose headers   vary: 'Accept-Encoding, Accept' }
24 silly get cb [ 304,
24 silly get   { server: 'nginx/1.10.1',
24 silly get     'last-modified': 'Fri, 27 Oct 2017 04:04:09 GMT',
24 silly get     etag: '"59f2b039-a12b"',
24 silly get     'cache-control': 'max-age=300',
24 silly get     'accept-ranges': 'bytes',
24 silly get     date: 'Tue, 31 Oct 2017 04:53:20 GMT',
24 silly get     via: '1.1 varnish',
24 silly get     connection: 'keep-alive',
24 silly get     'x-served-by': 'cache-nrt6143-NRT',
24 silly get     'x-cache': 'MISS',
24 silly get     'x-cache-hits': '0',
24 silly get     'x-timer': 'S1509425600.011683,VS0,VE615',
24 silly get     vary: 'Accept-Encoding, Accept' } ]
25 verbose etag https://registry.npmjs.org/iconv from cache
26 verbose get saving iconv to C:\Users\changho1.kang\AppData\Roaming\npm-cache\registry.npmjs.org\iconv\.cache.json
27 verbose correctMkdir C:\Users\changho1.kang\AppData\Roaming\npm-cache correctMkdir not in flight; initializing
28 silly install normalizeTree
29 silly loadCurrentTree Finishing
30 silly loadIdealTree Starting
31 silly install loadIdealTree
32 silly cloneCurrentTree Starting
33 silly install cloneCurrentTreeToIdealTree
34 silly cloneCurrentTree Finishing
35 silly loadShrinkwrap Starting
36 silly install loadShrinkwrap
37 silly loadShrinkwrap Finishing
38 silly loadAllDepsIntoIdealTree Starting
39 silly install loadAllDepsIntoIdealTree
40 silly resolveWithNewModule iconv@2.3.0 checking installable status
41 silly cache add args [ 'iconv', null ]
42 verbose cache add spec iconv
43 silly cache add parsed spec Result {
43 silly cache add   raw: 'iconv',
43 silly cache add   scope: null,
43 silly cache add   escapedName: 'iconv',
43 silly cache add   name: 'iconv',
43 silly cache add   rawSpec: '',
43 silly cache add   spec: 'latest',
43 silly cache add   type: 'tag' }
44 silly addNamed iconv@latest
45 verbose addNamed "latest" is being treated as a dist-tag for iconv
46 info addNameTag [ 'iconv', 'latest' ]
47 silly mapToRegistry name iconv
48 silly mapToRegistry using default registry
49 silly mapToRegistry registry https://registry.npmjs.org/
50 silly mapToRegistry data Result {
50 silly mapToRegistry   raw: 'iconv',
50 silly mapToRegistry   scope: null,
50 silly mapToRegistry   escapedName: 'iconv',
50 silly mapToRegistry   name: 'iconv',
50 silly mapToRegistry   rawSpec: '',
50 silly mapToRegistry   spec: 'latest',
50 silly mapToRegistry   type: 'tag' }
51 silly mapToRegistry uri https://registry.npmjs.org/iconv
52 verbose addNameTag registry:https://registry.npmjs.org/iconv not in flight; fetching
53 verbose get https://registry.npmjs.org/iconv not expired, no request
54 silly addNameTag next cb for iconv with tag latest
55 silly addNamed iconv@2.3.0
56 verbose addNamed "2.3.0" is a plain semver version for iconv
57 silly cache afterAdd iconv@2.3.0
58 verbose afterAdd C:\Users\changho1.kang\AppData\Roaming\npm-cache\iconv\2.3.0\package\package.json not in flight; writing
59 verbose correctMkdir C:\Users\changho1.kang\AppData\Roaming\npm-cache correctMkdir not in flight; initializing
60 verbose afterAdd C:\Users\changho1.kang\AppData\Roaming\npm-cache\iconv\2.3.0\package\package.json written
61 silly fetchNamedPackageData nan
62 silly mapToRegistry name nan
63 silly mapToRegistry using default registry
64 silly mapToRegistry registry https://registry.npmjs.org/
65 silly mapToRegistry data Result {
65 silly mapToRegistry   raw: 'nan',
65 silly mapToRegistry   scope: null,
65 silly mapToRegistry   escapedName: 'nan',
65 silly mapToRegistry   name: 'nan',
65 silly mapToRegistry   rawSpec: '',
65 silly mapToRegistry   spec: 'latest',
65 silly mapToRegistry   type: 'tag' }
66 silly mapToRegistry uri https://registry.npmjs.org/nan
67 verbose request uri https://registry.npmjs.org/nan
68 verbose request no auth needed
69 info attempt registry request try #1 at 13:53:20
70 verbose request using bearer token for auth
71 verbose etag W/"59eeab87-20247"
72 verbose lastModified Tue, 24 Oct 2017 02:55:03 GMT
73 http request GET https://registry.npmjs.org/nan
74 http 304 https://registry.npmjs.org/nan
75 verbose headers { server: 'nginx/1.10.3',
75 verbose headers   'last-modified': 'Tue, 24 Oct 2017 02:55:03 GMT',
75 verbose headers   etag: '"59eeab87-20247"',
75 verbose headers   'cache-control': 'max-age=300',
75 verbose headers   'accept-ranges': 'bytes',
75 verbose headers   date: 'Tue, 31 Oct 2017 04:53:21 GMT',
75 verbose headers   via: '1.1 varnish',
75 verbose headers   connection: 'keep-alive',
75 verbose headers   'x-served-by': 'cache-nrt6143-NRT',
75 verbose headers   'x-cache': 'MISS',
75 verbose headers   'x-cache-hits': '0',
75 verbose headers   'x-timer': 'S1509425601.903183,VS0,VE131',
75 verbose headers   vary: 'Accept-Encoding, Accept' }
76 silly get cb [ 304,
76 silly get   { server: 'nginx/1.10.3',
76 silly get     'last-modified': 'Tue, 24 Oct 2017 02:55:03 GMT',
76 silly get     etag: '"59eeab87-20247"',
76 silly get     'cache-control': 'max-age=300',
76 silly get     'accept-ranges': 'bytes',
76 silly get     date: 'Tue, 31 Oct 2017 04:53:21 GMT',
76 silly get     via: '1.1 varnish',
76 silly get     connection: 'keep-alive',
76 silly get     'x-served-by': 'cache-nrt6143-NRT',
76 silly get     'x-cache': 'MISS',
76 silly get     'x-cache-hits': '0',
76 silly get     'x-timer': 'S1509425601.903183,VS0,VE131',
76 silly get     vary: 'Accept-Encoding, Accept' } ]
77 verbose etag https://registry.npmjs.org/nan from cache
78 verbose get saving nan to C:\Users\changho1.kang\AppData\Roaming\npm-cache\registry.npmjs.org\nan\.cache.json
79 verbose correctMkdir C:\Users\changho1.kang\AppData\Roaming\npm-cache correctMkdir not in flight; initializing
80 silly resolveWithNewModule nan@2.7.0 checking installable status
81 silly cache add args [ 'nan@^2.3.5', null ]
82 verbose cache add spec nan@^2.3.5
83 silly cache add parsed spec Result {
83 silly cache add   raw: 'nan@^2.3.5',
83 silly cache add   scope: null,
83 silly cache add   escapedName: 'nan',
83 silly cache add   name: 'nan',
83 silly cache add   rawSpec: '^2.3.5',
83 silly cache add   spec: '>=2.3.5 <3.0.0',
83 silly cache add   type: 'range' }
84 silly addNamed nan@>=2.3.5 <3.0.0
85 verbose addNamed ">=2.3.5 <3.0.0" is a valid semver range for nan
86 silly addNameRange { name: 'nan', range: '>=2.3.5 <3.0.0', hasData: false }
87 silly mapToRegistry name nan
88 silly mapToRegistry using default registry
89 silly mapToRegistry registry https://registry.npmjs.org/
90 silly mapToRegistry data Result {
90 silly mapToRegistry   raw: 'nan',
90 silly mapToRegistry   scope: null,
90 silly mapToRegistry   escapedName: 'nan',
90 silly mapToRegistry   name: 'nan',
90 silly mapToRegistry   rawSpec: '',
90 silly mapToRegistry   spec: 'latest',
90 silly mapToRegistry   type: 'tag' }
91 silly mapToRegistry uri https://registry.npmjs.org/nan
92 verbose addNameRange registry:https://registry.npmjs.org/nan not in flight; fetching
93 verbose get https://registry.npmjs.org/nan not expired, no request
94 silly addNameRange number 2 { name: 'nan', range: '>=2.3.5 <3.0.0', hasData: true }
95 silly addNameRange versions [ 'nan',
95 silly addNameRange   [ '0.3.0-wip',
95 silly addNameRange     '0.3.0-wip2',
95 silly addNameRange     '0.3.0',
95 silly addNameRange     '0.3.1',
95 silly addNameRange     '0.3.2',
95 silly addNameRange     '0.4.0',
95 silly addNameRange     '0.4.1',
95 silly addNameRange     '0.4.2',
95 silly addNameRange     '0.4.3',
95 silly addNameRange     '0.4.4',
95 silly addNameRange     '0.5.0',
95 silly addNameRange     '0.5.1',
95 silly addNameRange     '0.5.2',
95 silly addNameRange     '0.6.0',
95 silly addNameRange     '0.7.0',
95 silly addNameRange     '0.7.1',
95 silly addNameRange     '0.8.0',
95 silly addNameRange     '1.0.0',
95 silly addNameRange     '1.1.0',
95 silly addNameRange     '1.1.1',
95 silly addNameRange     '1.1.2',
95 silly addNameRange     '1.2.0',
95 silly addNameRange     '1.3.0',
95 silly addNameRange     '1.4.0',
95 silly addNameRange     '1.4.1',
95 silly addNameRange     '1.5.0',
95 silly addNameRange     '1.4.2',
95 silly addNameRange     '1.4.3',
95 silly addNameRange     '1.5.1',
95 silly addNameRange     '1.5.2',
95 silly addNameRange     '1.6.0',
95 silly addNameRange     '1.5.3',
95 silly addNameRange     '1.6.1',
95 silly addNameRange     '1.6.2',
95 silly addNameRange     '1.7.0',
95 silly addNameRange     '1.8.0',
95 silly addNameRange     '1.8.1',
95 silly addNameRange     '1.8.2',
95 silly addNameRange     '1.8.3',
95 silly addNameRange     '1.8.4',
95 silly addNameRange     '1.9.0',
95 silly addNameRange     '2.0.0',
95 silly addNameRange     '2.0.1',
95 silly addNameRange     '2.0.2',
95 silly addNameRange     '2.0.3',
95 silly addNameRange     '2.0.4',
95 silly addNameRange     '2.0.5',
95 silly addNameRange     '2.0.6',
95 silly addNameRange     '2.0.7',
95 silly addNameRange     '2.0.8',
95 silly addNameRange     '2.0.9',
95 silly addNameRange     '2.1.0',
95 silly addNameRange     '2.2.0',
95 silly addNameRange     '2.2.1',
95 silly addNameRange     '2.3.0',
95 silly addNameRange     '2.3.1',
95 silly addNameRange     '2.3.2',
95 silly addNameRange     '2.3.3',
95 silly addNameRange     '2.3.4',
95 silly addNameRange     '2.3.5',
95 silly addNameRange     '2.4.0',
95 silly addNameRange     '2.5.0',
95 silly addNameRange     '2.5.1',
95 silly addNameRange     '2.6.0',
95 silly addNameRange     '2.6.1',
95 silly addNameRange     '2.6.2',
95 silly addNameRange     '2.7.0' ] ]
96 silly addNamed nan@2.7.0
97 verbose addNamed "2.7.0" is a plain semver version for nan
98 silly cache afterAdd nan@2.7.0
99 verbose afterAdd C:\Users\changho1.kang\AppData\Roaming\npm-cache\nan\2.7.0\package\package.json not in flight; writing
100 verbose correctMkdir C:\Users\changho1.kang\AppData\Roaming\npm-cache correctMkdir not in flight; initializing
101 verbose afterAdd C:\Users\changho1.kang\AppData\Roaming\npm-cache\nan\2.7.0\package\package.json written
102 silly loadAllDepsIntoIdealTree Finishing
103 silly loadIdealTree Finishing
104 silly currentTree summer-mvc-com@1.0.0
104 silly currentTree +-- accepts@1.3.4
104 silly currentTree +-- ajv@5.2.3
104 silly currentTree +-- ansi-regex@2.1.1
104 silly currentTree +-- ansi-styles@2.2.1
104 silly currentTree +-- array-flatten@1.1.1
104 silly currentTree +-- asn1@0.2.3
104 silly currentTree +-- assert-plus@1.0.0
104 silly currentTree +-- asynckit@0.4.0
104 silly currentTree +-- aws-sign2@0.7.0
104 silly currentTree +-- aws4@1.6.0
104 silly currentTree +-- babel-runtime@6.26.0
104 silly currentTree +-- bcrypt-pbkdf@1.0.1
104 silly currentTree +-- big-number@0.3.1
104 silly currentTree +-- bignumber.js@4.0.4
104 silly currentTree +-- bl@1.2.1
104 silly currentTree | +-- isarray@1.0.0
104 silly currentTree | +-- readable-stream@2.3.3
104 silly currentTree | `-- string_decoder@1.0.3
104 silly currentTree +-- bluebird@3.5.1
104 silly currentTree +-- body-parser@1.18.2
104 silly currentTree +-- boom@4.3.1
104 silly currentTree +-- busboy@0.2.14
104 silly currentTree +-- bytes@3.0.0
104 silly currentTree +-- caseless@0.12.0
104 silly currentTree +-- chalk@1.1.3
104 silly currentTree +-- co@4.6.0
104 silly currentTree +-- combined-stream@1.0.5
104 silly currentTree +-- connect-redis@3.3.2
104 silly currentTree | `-- debug@3.1.0
104 silly currentTree +-- content-disposition@0.5.2
104 silly currentTree +-- content-type@1.0.4
104 silly currentTree +-- cookie-parser@1.4.3
104 silly currentTree +-- cookie-signature@1.0.6
104 silly currentTree +-- cookie@0.3.1
104 silly currentTree +-- core-js@2.5.1
104 silly currentTree +-- core-util-is@1.0.2
104 silly currentTree +-- crc@3.4.4
104 silly currentTree +-- cryptiles@3.1.2
104 silly currentTree | `-- boom@5.2.0
104 silly currentTree +-- dashdash@1.14.1
104 silly currentTree +-- debug@2.6.9
104 silly currentTree +-- delayed-stream@1.0.0
104 silly currentTree +-- depd@1.1.1
104 silly currentTree +-- destroy@1.0.4
104 silly currentTree +-- dicer@0.2.5
104 silly currentTree +-- dojo@1.13.0
104 silly currentTree +-- double-ended-queue@2.1.0-0
104 silly currentTree +-- ecc-jsbn@0.1.1
104 silly currentTree +-- ee-first@1.1.1
104 silly currentTree +-- ejs@2.5.7
104 silly currentTree +-- encodeurl@1.0.1
104 silly currentTree +-- escape-html@1.0.3
104 silly currentTree +-- escape-string-regexp@1.0.5
104 silly currentTree +-- etag@1.8.1
104 silly currentTree +-- express_logger@0.0.4
104 silly currentTree +-- express-session@1.15.6
104 silly currentTree +-- express@4.16.2
104 silly currentTree | +-- setprototypeof@1.1.0
104 silly currentTree | `-- statuses@1.3.1
104 silly currentTree +-- extend@3.0.1
104 silly currentTree +-- extsprintf@1.3.0
104 silly currentTree +-- fast-deep-equal@1.0.0
104 silly currentTree +-- finalhandler@1.1.0
104 silly currentTree | `-- statuses@1.3.1
104 silly currentTree +-- forever-agent@0.6.1
104 silly currentTree +-- form-data@2.3.1
104 silly currentTree +-- forwarded@0.1.2
104 silly currentTree +-- fresh@0.5.2
104 silly currentTree +-- generic-pool@3.2.0
104 silly currentTree +-- getpass@0.1.7
104 silly currentTree +-- har-schema@2.0.0
104 silly currentTree +-- har-validator@5.0.3
104 silly currentTree +-- has-ansi@2.0.0
104 silly currentTree +-- hawk@6.0.2
104 silly currentTree +-- hoek@4.2.0
104 silly currentTree +-- http-errors@1.6.2
104 silly currentTree +-- http-signature@1.2.0
104 silly currentTree +-- iconv-lite@0.4.19
104 silly currentTree +-- inherits@2.0.3
104 silly currentTree +-- ipaddr.js@1.5.2
104 silly currentTree +-- is-typedarray@1.0.0
104 silly currentTree +-- isarray@0.0.1
104 silly currentTree +-- isstream@0.1.2
104 silly currentTree +-- jsbn@0.1.1
104 silly currentTree +-- json-schema-traverse@0.3.1
104 silly currentTree +-- json-schema@0.2.3
104 silly currentTree +-- json-stable-stringify@1.0.1
104 silly currentTree +-- json-stringify-safe@5.0.1
104 silly currentTree +-- jsonify@0.0.0
104 silly currentTree +-- jsprim@1.4.1
104 silly currentTree +-- media-typer@0.3.0
104 silly currentTree +-- merge-descriptors@1.0.1
104 silly currentTree +-- methods@1.1.2
104 silly currentTree +-- mime-db@1.30.0
104 silly currentTree +-- mime-types@2.1.17
104 silly currentTree +-- mime@1.4.1
104 silly currentTree +-- moment-timezone@0.5.13
104 silly currentTree +-- moment@2.19.1
104 silly currentTree +-- ms@2.0.0
104 silly currentTree +-- mssql@4.1.0
104 silly currentTree +-- mysql@2.15.0
104 silly currentTree | +-- isarray@1.0.0
104 silly currentTree | +-- readable-stream@2.3.3
104 silly currentTree | `-- string_decoder@1.0.3
104 silly currentTree +-- negotiator@0.6.1
104 silly currentTree +-- oauth-sign@0.8.2
104 silly currentTree +-- on-finished@2.3.0
104 silly currentTree +-- on-headers@1.0.1
104 silly currentTree +-- parseurl@1.3.2
104 silly currentTree +-- path-to-regexp@0.1.7
104 silly currentTree +-- performance-now@2.1.0
104 silly currentTree +-- process-nextick-args@1.0.7
104 silly currentTree +-- proxy-addr@2.0.2
104 silly currentTree +-- punycode@1.4.1
104 silly currentTree +-- qs@6.5.1
104 silly currentTree +-- random-bytes@1.0.0
104 silly currentTree +-- range-parser@1.2.0
104 silly currentTree +-- raw-body@2.3.2
104 silly currentTree +-- readable-stream@1.1.14
104 silly currentTree +-- redis-commands@1.3.1
104 silly currentTree +-- redis-parser@2.6.0
104 silly currentTree +-- redis@2.8.0
104 silly currentTree +-- regenerator-runtime@0.11.0
104 silly currentTree +-- request@2.83.0
104 silly currentTree +-- safe-buffer@5.1.1
104 silly currentTree +-- send@0.16.1
104 silly currentTree | `-- statuses@1.3.1
104 silly currentTree +-- serve-static@1.13.1
104 silly currentTree +-- setprototypeof@1.0.3
104 silly currentTree +-- sntp@2.0.2
104 silly currentTree +-- sprintf@0.1.5
104 silly currentTree +-- sqlstring@2.3.0
104 silly currentTree +-- sshpk@1.13.1
104 silly currentTree +-- statuses@1.4.0
104 silly currentTree +-- streamsearch@0.1.2
104 silly currentTree +-- string_decoder@0.10.31
104 silly currentTree +-- stringstream@0.0.5
104 silly currentTree +-- strip-ansi@3.0.1
104 silly currentTree +-- summer-mvc@1.1.1
104 silly currentTree +-- supports-color@2.0.0
104 silly currentTree +-- tedious@2.0.0
104 silly currentTree | +-- isarray@1.0.0
104 silly currentTree | +-- readable-stream@2.3.3
104 silly currentTree | `-- string_decoder@1.0.3
104 silly currentTree +-- tough-cookie@2.3.3
104 silly currentTree +-- tunnel-agent@0.6.0
104 silly currentTree +-- tweetnacl@0.14.5
104 silly currentTree +-- type-is@1.6.15
104 silly currentTree +-- uid-safe@2.1.5
104 silly currentTree +-- unpipe@1.0.0
104 silly currentTree +-- util-deprecate@1.0.2
104 silly currentTree +-- utils-merge@1.0.1
104 silly currentTree +-- uuid@3.1.0
104 silly currentTree +-- vary@1.1.2
104 silly currentTree `-- verror@1.10.0
105 silly idealTree summer-mvc-com@1.0.0
105 silly idealTree +-- accepts@1.3.4
105 silly idealTree +-- ajv@5.2.3
105 silly idealTree +-- ansi-regex@2.1.1
105 silly idealTree +-- ansi-styles@2.2.1
105 silly idealTree +-- array-flatten@1.1.1
105 silly idealTree +-- asn1@0.2.3
105 silly idealTree +-- assert-plus@1.0.0
105 silly idealTree +-- asynckit@0.4.0
105 silly idealTree +-- aws-sign2@0.7.0
105 silly idealTree +-- aws4@1.6.0
105 silly idealTree +-- babel-runtime@6.26.0
105 silly idealTree +-- bcrypt-pbkdf@1.0.1
105 silly idealTree +-- big-number@0.3.1
105 silly idealTree +-- bignumber.js@4.0.4
105 silly idealTree +-- bl@1.2.1
105 silly idealTree | +-- isarray@1.0.0
105 silly idealTree | +-- readable-stream@2.3.3
105 silly idealTree | `-- string_decoder@1.0.3
105 silly idealTree +-- bluebird@3.5.1
105 silly idealTree +-- body-parser@1.18.2
105 silly idealTree +-- boom@4.3.1
105 silly idealTree +-- busboy@0.2.14
105 silly idealTree +-- bytes@3.0.0
105 silly idealTree +-- caseless@0.12.0
105 silly idealTree +-- chalk@1.1.3
105 silly idealTree +-- co@4.6.0
105 silly idealTree +-- combined-stream@1.0.5
105 silly idealTree +-- connect-redis@3.3.2
105 silly idealTree | `-- debug@3.1.0
105 silly idealTree +-- content-disposition@0.5.2
105 silly idealTree +-- content-type@1.0.4
105 silly idealTree +-- cookie-parser@1.4.3
105 silly idealTree +-- cookie-signature@1.0.6
105 silly idealTree +-- cookie@0.3.1
105 silly idealTree +-- core-js@2.5.1
105 silly idealTree +-- core-util-is@1.0.2
105 silly idealTree +-- crc@3.4.4
105 silly idealTree +-- cryptiles@3.1.2
105 silly idealTree | `-- boom@5.2.0
105 silly idealTree +-- dashdash@1.14.1
105 silly idealTree +-- debug@2.6.9
105 silly idealTree +-- delayed-stream@1.0.0
105 silly idealTree +-- depd@1.1.1
105 silly idealTree +-- destroy@1.0.4
105 silly idealTree +-- dicer@0.2.5
105 silly idealTree +-- dojo@1.13.0
105 silly idealTree +-- double-ended-queue@2.1.0-0
105 silly idealTree +-- ecc-jsbn@0.1.1
105 silly idealTree +-- ee-first@1.1.1
105 silly idealTree +-- ejs@2.5.7
105 silly idealTree +-- encodeurl@1.0.1
105 silly idealTree +-- escape-html@1.0.3
105 silly idealTree +-- escape-string-regexp@1.0.5
105 silly idealTree +-- etag@1.8.1
105 silly idealTree +-- express_logger@0.0.4
105 silly idealTree +-- express-session@1.15.6
105 silly idealTree +-- express@4.16.2
105 silly idealTree | +-- setprototypeof@1.1.0
105 silly idealTree | `-- statuses@1.3.1
105 silly idealTree +-- extend@3.0.1
105 silly idealTree +-- extsprintf@1.3.0
105 silly idealTree +-- fast-deep-equal@1.0.0
105 silly idealTree +-- finalhandler@1.1.0
105 silly idealTree | `-- statuses@1.3.1
105 silly idealTree +-- forever-agent@0.6.1
105 silly idealTree +-- form-data@2.3.1
105 silly idealTree +-- forwarded@0.1.2
105 silly idealTree +-- fresh@0.5.2
105 silly idealTree +-- generic-pool@3.2.0
105 silly idealTree +-- getpass@0.1.7
105 silly idealTree +-- har-schema@2.0.0
105 silly idealTree +-- har-validator@5.0.3
105 silly idealTree +-- has-ansi@2.0.0
105 silly idealTree +-- hawk@6.0.2
105 silly idealTree +-- hoek@4.2.0
105 silly idealTree +-- http-errors@1.6.2
105 silly idealTree +-- http-signature@1.2.0
105 silly idealTree +-- iconv-lite@0.4.19
105 silly idealTree +-- iconv@2.3.0
105 silly idealTree +-- inherits@2.0.3
105 silly idealTree +-- ipaddr.js@1.5.2
105 silly idealTree +-- is-typedarray@1.0.0
105 silly idealTree +-- isarray@0.0.1
105 silly idealTree +-- isstream@0.1.2
105 silly idealTree +-- jsbn@0.1.1
105 silly idealTree +-- json-schema-traverse@0.3.1
105 silly idealTree +-- json-schema@0.2.3
105 silly idealTree +-- json-stable-stringify@1.0.1
105 silly idealTree +-- json-stringify-safe@5.0.1
105 silly idealTree +-- jsonify@0.0.0
105 silly idealTree +-- jsprim@1.4.1
105 silly idealTree +-- media-typer@0.3.0
105 silly idealTree +-- merge-descriptors@1.0.1
105 silly idealTree +-- methods@1.1.2
105 silly idealTree +-- mime-db@1.30.0
105 silly idealTree +-- mime-types@2.1.17
105 silly idealTree +-- mime@1.4.1
105 silly idealTree +-- moment-timezone@0.5.13
105 silly idealTree +-- moment@2.19.1
105 silly idealTree +-- ms@2.0.0
105 silly idealTree +-- mssql@4.1.0
105 silly idealTree +-- mysql@2.15.0
105 silly idealTree | +-- isarray@1.0.0
105 silly idealTree | +-- readable-stream@2.3.3
105 silly idealTree | `-- string_decoder@1.0.3
105 silly idealTree +-- nan@2.7.0
105 silly idealTree +-- negotiator@0.6.1
105 silly idealTree +-- oauth-sign@0.8.2
105 silly idealTree +-- on-finished@2.3.0
105 silly idealTree +-- on-headers@1.0.1
105 silly idealTree +-- parseurl@1.3.2
105 silly idealTree +-- path-to-regexp@0.1.7
105 silly idealTree +-- performance-now@2.1.0
105 silly idealTree +-- process-nextick-args@1.0.7
105 silly idealTree +-- proxy-addr@2.0.2
105 silly idealTree +-- punycode@1.4.1
105 silly idealTree +-- qs@6.5.1
105 silly idealTree +-- random-bytes@1.0.0
105 silly idealTree +-- range-parser@1.2.0
105 silly idealTree +-- raw-body@2.3.2
105 silly idealTree +-- readable-stream@1.1.14
105 silly idealTree +-- redis-commands@1.3.1
105 silly idealTree +-- redis-parser@2.6.0
105 silly idealTree +-- redis@2.8.0
105 silly idealTree +-- regenerator-runtime@0.11.0
105 silly idealTree +-- request@2.83.0
105 silly idealTree +-- safe-buffer@5.1.1
105 silly idealTree +-- send@0.16.1
105 silly idealTree | `-- statuses@1.3.1
105 silly idealTree +-- serve-static@1.13.1
105 silly idealTree +-- setprototypeof@1.0.3
105 silly idealTree +-- sntp@2.0.2
105 silly idealTree +-- sprintf@0.1.5
105 silly idealTree +-- sqlstring@2.3.0
105 silly idealTree +-- sshpk@1.13.1
105 silly idealTree +-- statuses@1.4.0
105 silly idealTree +-- streamsearch@0.1.2
105 silly idealTree +-- string_decoder@0.10.31
105 silly idealTree +-- stringstream@0.0.5
105 silly idealTree +-- strip-ansi@3.0.1
105 silly idealTree +-- summer-mvc@1.1.1
105 silly idealTree +-- supports-color@2.0.0
105 silly idealTree +-- tedious@2.0.0
105 silly idealTree | +-- isarray@1.0.0
105 silly idealTree | +-- readable-stream@2.3.3
105 silly idealTree | `-- string_decoder@1.0.3
105 silly idealTree +-- tough-cookie@2.3.3
105 silly idealTree +-- tunnel-agent@0.6.0
105 silly idealTree +-- tweetnacl@0.14.5
105 silly idealTree +-- type-is@1.6.15
105 silly idealTree +-- uid-safe@2.1.5
105 silly idealTree +-- unpipe@1.0.0
105 silly idealTree +-- util-deprecate@1.0.2
105 silly idealTree +-- utils-merge@1.0.1
105 silly idealTree +-- uuid@3.1.0
105 silly idealTree +-- vary@1.1.2
105 silly idealTree `-- verror@1.10.0
106 silly generateActionsToTake Starting
107 silly install generateActionsToTake
108 silly generateActionsToTake Finishing
109 silly diffTrees action count 2
110 silly diffTrees add nan@2.7.0
111 silly diffTrees add iconv@2.3.0
112 silly decomposeActions action count 16
113 silly decomposeActions fetch nan@2.7.0
114 silly decomposeActions extract nan@2.7.0
115 silly decomposeActions test nan@2.7.0
116 silly decomposeActions preinstall nan@2.7.0
117 silly decomposeActions build nan@2.7.0
118 silly decomposeActions install nan@2.7.0
119 silly decomposeActions postinstall nan@2.7.0
120 silly decomposeActions finalize nan@2.7.0
121 silly decomposeActions fetch iconv@2.3.0
122 silly decomposeActions extract iconv@2.3.0
123 silly decomposeActions test iconv@2.3.0
124 silly decomposeActions preinstall iconv@2.3.0
125 silly decomposeActions build iconv@2.3.0
126 silly decomposeActions install iconv@2.3.0
127 silly decomposeActions postinstall iconv@2.3.0
128 silly decomposeActions finalize iconv@2.3.0
129 silly runTopLevelLifecycles Starting
130 silly executeActions Starting
131 silly install executeActions
132 silly doSerial global-install 0
133 silly doParallel fetch 2
134 verbose correctMkdir C:\Users\changho1.kang\AppData\Roaming\npm-cache\_locks correctMkdir not in flight; initializing
135 verbose lock using C:\Users\changho1.kang\AppData\Roaming\npm-cache\_locks\staging-39a08266dd816377.lock for C:\__Repo.Workspace\12. INO_Nodejs\summer-mvc-com\node_modules\.staging
136 silly doParallel extract 2
137 silly extract nan@2.7.0
138 silly extract iconv@2.3.0
139 verbose unbuild node_modules\.staging\nan-7410b7b9
140 verbose unbuild node_modules\.staging\iconv-751adb31
141 silly gentlyRm C:\__Repo.Workspace\12. INO_Nodejs\summer-mvc-com\node_modules\.staging\nan-7410b7b9 is being purged from base C:\__Repo.Workspace\12. INO_Nodejs\summer-mvc-com
142 verbose gentlyRm don't care about contents; nuking C:\__Repo.Workspace\12. INO_Nodejs\summer-mvc-com\node_modules\.staging\nan-7410b7b9
143 silly gentlyRm C:\__Repo.Workspace\12. INO_Nodejs\summer-mvc-com\node_modules\.staging\iconv-751adb31 is being purged from base C:\__Repo.Workspace\12. INO_Nodejs\summer-mvc-com
144 verbose gentlyRm don't care about contents; nuking C:\__Repo.Workspace\12. INO_Nodejs\summer-mvc-com\node_modules\.staging\iconv-751adb31
145 verbose tar unpack C:\Users\changho1.kang\AppData\Roaming\npm-cache\nan\2.7.0\package.tgz
146 verbose tar unpacking to C:\__Repo.Workspace\12. INO_Nodejs\summer-mvc-com\node_modules\.staging\nan-7410b7b9
147 silly gentlyRm C:\__Repo.Workspace\12. INO_Nodejs\summer-mvc-com\node_modules\.staging\nan-7410b7b9 is being purged
148 verbose gentlyRm don't care about contents; nuking C:\__Repo.Workspace\12. INO_Nodejs\summer-mvc-com\node_modules\.staging\nan-7410b7b9
149 verbose tar unpack C:\Users\changho1.kang\AppData\Roaming\npm-cache\iconv\2.3.0\package.tgz
150 verbose tar unpacking to C:\__Repo.Workspace\12. INO_Nodejs\summer-mvc-com\node_modules\.staging\iconv-751adb31
151 silly gentlyRm C:\__Repo.Workspace\12. INO_Nodejs\summer-mvc-com\node_modules\.staging\iconv-751adb31 is being purged
152 verbose gentlyRm don't care about contents; nuking C:\__Repo.Workspace\12. INO_Nodejs\summer-mvc-com\node_modules\.staging\iconv-751adb31
153 silly gunzTarPerm modes [ '777', '666' ]
154 silly gunzTarPerm modes [ '777', '666' ]
155 silly gunzTarPerm extractEntry package.json
156 silly gunzTarPerm modified mode [ 'package.json', 436, 438 ]
157 silly gunzTarPerm extractEntry package.json
158 silly gunzTarPerm modified mode [ 'package.json', 420, 438 ]
159 silly gunzTarPerm extractEntry README.md
160 silly gunzTarPerm modified mode [ 'README.md', 436, 438 ]
161 silly gunzTarPerm extractEntry .npmignore
162 silly gunzTarPerm modified mode [ '.npmignore', 420, 438 ]
163 silly gunzTarPerm extractEntry README.md
164 silly gunzTarPerm modified mode [ 'README.md', 420, 438 ]
165 silly gunzTarPerm extractEntry include_dirs.js
166 silly gunzTarPerm modified mode [ 'include_dirs.js', 436, 438 ]
167 silly gunzTarPerm extractEntry nan_converters_43_inl.h
168 silly gunzTarPerm modified mode [ 'nan_converters_43_inl.h', 436, 438 ]
169 silly gunzTarPerm extractEntry LICENSE.md
170 silly gunzTarPerm modified mode [ 'LICENSE.md', 436, 438 ]
171 silly gunzTarPerm extractEntry doc/new.md
172 silly gunzTarPerm modified mode [ 'doc/new.md', 436, 438 ]
173 silly gunzTarPerm extractEntry LICENSE
174 silly gunzTarPerm modified mode [ 'LICENSE', 420, 438 ]
175 silly gunzTarPerm extractEntry binding.gyp
176 silly gunzTarPerm modified mode [ 'binding.gyp', 420, 438 ]
177 silly gunzTarPerm extractEntry doc/asyncworker.md
178 silly gunzTarPerm modified mode [ 'doc/asyncworker.md', 436, 438 ]
179 silly gunzTarPerm extractEntry deps/libiconv/lib/euc_jp.h
180 silly gunzTarPerm modified mode [ 'deps/libiconv/lib/euc_jp.h', 420, 438 ]
181 silly gunzTarPerm extractEntry deps/libiconv/lib/aliases.h
182 silly gunzTarPerm modified mode [ 'deps/libiconv/lib/aliases.h', 420, 438 ]
183 silly gunzTarPerm extractEntry doc/callback.md
184 silly gunzTarPerm modified mode [ 'doc/callback.md', 436, 438 ]
185 silly gunzTarPerm extractEntry doc/converters.md
186 silly gunzTarPerm modified mode [ 'doc/converters.md', 436, 438 ]
187 silly gunzTarPerm extractEntry deps/libiconv/lib/aliases_aix.h
188 silly gunzTarPerm modified mode [ 'deps/libiconv/lib/aliases_aix.h', 420, 438 ]
189 silly gunzTarPerm extractEntry deps/libiconv/lib/aliases_aix_sysaix.h
190 silly gunzTarPerm modified mode [ 'deps/libiconv/lib/aliases_aix_sysaix.h', 420, 438 ]
191 silly gunzTarPerm extractEntry doc/errors.md
192 silly gunzTarPerm modified mode [ 'doc/errors.md', 436, 438 ]
193 silly gunzTarPerm extractEntry doc/json.md
194 silly gunzTarPerm modified mode [ 'doc/json.md', 436, 438 ]
195 silly gunzTarPerm extractEntry doc/maybe_types.md
196 silly gunzTarPerm modified mode [ 'doc/maybe_types.md', 436, 438 ]
197 silly gunzTarPerm extractEntry doc/methods.md
198 silly gunzTarPerm modified mode [ 'doc/methods.md', 436, 438 ]
199 silly gunzTarPerm extractEntry deps/libiconv/lib/aliases_dos.h
200 silly gunzTarPerm modified mode [ 'deps/libiconv/lib/aliases_dos.h', 420, 438 ]
201 silly gunzTarPerm extractEntry deps/libiconv/lib/aliases_extra.h
202 silly gunzTarPerm modified mode [ 'deps/libiconv/lib/aliases_extra.h', 420, 438 ]
203 silly gunzTarPerm extractEntry doc/buffers.md
204 silly gunzTarPerm modified mode [ 'doc/buffers.md', 436, 438 ]
205 silly gunzTarPerm extractEntry doc/node_misc.md
206 silly gunzTarPerm modified mode [ 'doc/node_misc.md', 436, 438 ]
207 silly gunzTarPerm extractEntry deps/libiconv/lib/aliases_osf1.h
208 silly gunzTarPerm modified mode [ 'deps/libiconv/lib/aliases_osf1.h', 420, 438 ]
209 silly gunzTarPerm extractEntry deps/libiconv/lib/aliases_osf1_sysosf1.h
210 silly gunzTarPerm modified mode [ 'deps/libiconv/lib/aliases_osf1_sysosf1.h', 420, 438 ]
211 silly gunzTarPerm extractEntry doc/object_wrappers.md
212 silly gunzTarPerm modified mode [ 'doc/object_wrappers.md', 436, 438 ]
213 silly gunzTarPerm extractEntry doc/persistent.md
214 silly gunzTarPerm modified mode [ 'doc/persistent.md', 436, 438 ]
215 silly gunzTarPerm extractEntry doc/scopes.md
216 silly gunzTarPerm modified mode [ 'doc/scopes.md', 436, 438 ]
217 silly gunzTarPerm extractEntry doc/script.md
218 silly gunzTarPerm modified mode [ 'doc/script.md', 436, 438 ]
219 silly gunzTarPerm extractEntry deps/libiconv/lib/aliases_sysaix.h
220 silly gunzTarPerm modified mode [ 'deps/libiconv/lib/aliases_sysaix.h', 420, 438 ]
221 silly gunzTarPerm extractEntry deps/libiconv/lib/aliases_syshpux.h
222 silly gunzTarPerm modified mode [ 'deps/libiconv/lib/aliases_syshpux.h', 420, 438 ]
223 silly gunzTarPerm extractEntry deps/libiconv/lib/aliases_sysosf1.h
224 silly gunzTarPerm modified mode [ 'deps/libiconv/lib/aliases_sysosf1.h', 420, 438 ]
225 silly gunzTarPerm extractEntry deps/libiconv/lib/aliases_syssolaris.h
226 silly gunzTarPerm modified mode [ 'deps/libiconv/lib/aliases_syssolaris.h', 420, 438 ]
227 silly gunzTarPerm extractEntry deps/libiconv/lib/armscii_8.h
228 silly gunzTarPerm modified mode [ 'deps/libiconv/lib/armscii_8.h', 420, 438 ]
229 silly gunzTarPerm extractEntry doc/string_bytes.md
230 silly gunzTarPerm modified mode [ 'doc/string_bytes.md', 436, 438 ]
231 silly gunzTarPerm extractEntry doc/v8_internals.md
232 silly gunzTarPerm modified mode [ 'doc/v8_internals.md', 436, 438 ]
233 silly gunzTarPerm extractEntry deps/libiconv/lib/ascii.h
234 silly gunzTarPerm modified mode [ 'deps/libiconv/lib/ascii.h', 420, 438 ]
235 silly gunzTarPerm extractEntry deps/libiconv/lib/atarist.h
236 silly gunzTarPerm modified mode [ 'deps/libiconv/lib/atarist.h', 420, 438 ]
237 silly gunzTarPerm extractEntry doc/v8_misc.md
238 silly gunzTarPerm modified mode [ 'doc/v8_misc.md', 436, 438 ]
239 silly gunzTarPerm extractEntry nan.h
240 silly gunzTarPerm modified mode [ 'nan.h', 436, 438 ]
241 silly gunzTarPerm extractEntry deps/libiconv/lib/big5.h
242 silly gunzTarPerm modified mode [ 'deps/libiconv/lib/big5.h', 420, 438 ]
243 silly gunzTarPerm extractEntry deps/libiconv/lib/big5_2003.h
244 silly gunzTarPerm modified mode [ 'deps/libiconv/lib/big5_2003.h', 420, 438 ]
245 silly gunzTarPerm extractEntry nan_callbacks.h
246 silly gunzTarPerm modified mode [ 'nan_callbacks.h', 436, 438 ]
247 silly gunzTarPerm extractEntry nan_callbacks_12_inl.h
248 silly gunzTarPerm modified mode [ 'nan_callbacks_12_inl.h', 436, 438 ]
249 silly gunzTarPerm extractEntry deps/libiconv/lib/big5hkscs1999.h
250 silly gunzTarPerm modified mode [ 'deps/libiconv/lib/big5hkscs1999.h', 420, 438 ]
251 silly gunzTarPerm extractEntry deps/libiconv/lib/big5hkscs2001.h
252 silly gunzTarPerm modified mode [ 'deps/libiconv/lib/big5hkscs2001.h', 420, 438 ]
253 silly gunzTarPerm extractEntry nan_callbacks_pre_12_inl.h
254 silly gunzTarPerm modified mode [ 'nan_callbacks_pre_12_inl.h', 436, 438 ]
255 silly gunzTarPerm extractEntry nan_converters.h
256 silly gunzTarPerm modified mode [ 'nan_converters.h', 436, 438 ]
257 silly gunzTarPerm extractEntry nan_converters_pre_43_inl.h
258 silly gunzTarPerm modified mode [ 'nan_converters_pre_43_inl.h', 436, 438 ]
259 silly gunzTarPerm extractEntry deps/libiconv/lib/big5hkscs2004.h
260 silly gunzTarPerm modified mode [ 'deps/libiconv/lib/big5hkscs2004.h', 420, 438 ]
261 silly gunzTarPerm extractEntry deps/libiconv/lib/big5hkscs2008.h
262 silly gunzTarPerm modified mode [ 'deps/libiconv/lib/big5hkscs2008.h', 420, 438 ]
263 silly gunzTarPerm extractEntry nan_implementation_12_inl.h
264 silly gunzTarPerm modified mode [ 'nan_implementation_12_inl.h', 436, 438 ]
265 silly gunzTarPerm extractEntry nan_implementation_pre_12_inl.h
266 silly gunzTarPerm modified mode [ 'nan_implementation_pre_12_inl.h', 436, 438 ]
267 silly gunzTarPerm extractEntry nan_json.h
268 silly gunzTarPerm modified mode [ 'nan_json.h', 436, 438 ]
269 silly gunzTarPerm extractEntry nan_maybe_43_inl.h
270 silly gunzTarPerm modified mode [ 'nan_maybe_43_inl.h', 436, 438 ]
271 silly gunzTarPerm extractEntry deps/libiconv/lib/c99.h
272 silly gunzTarPerm modified mode [ 'deps/libiconv/lib/c99.h', 420, 438 ]
273 silly gunzTarPerm extractEntry deps/libiconv/lib/canonical.h
274 silly gunzTarPerm modified mode [ 'deps/libiconv/lib/canonical.h', 420, 438 ]
275 silly gunzTarPerm extractEntry nan_maybe_pre_43_inl.h
276 silly gunzTarPerm modified mode [ 'nan_maybe_pre_43_inl.h', 436, 438 ]
277 silly gunzTarPerm extractEntry deps/libiconv/lib/canonical_aix.h
278 silly gunzTarPerm modified mode [ 'deps/libiconv/lib/canonical_aix.h', 420, 438 ]
279 silly gunzTarPerm extractEntry deps/libiconv/lib/canonical_aix_sysaix.h
280 silly gunzTarPerm modified mode [ 'deps/libiconv/lib/canonical_aix_sysaix.h', 420, 438 ]
281 silly gunzTarPerm extractEntry nan_new.h
282 silly gunzTarPerm modified mode [ 'nan_new.h', 436, 438 ]
283 silly gunzTarPerm extractEntry nan_object_wrap.h
284 silly gunzTarPerm modified mode [ 'nan_object_wrap.h', 436, 438 ]
285 silly gunzTarPerm extractEntry deps/libiconv/lib/canonical_dos.h
286 silly gunzTarPerm modified mode [ 'deps/libiconv/lib/canonical_dos.h', 420, 438 ]
287 silly gunzTarPerm extractEntry deps/libiconv/lib/canonical_extra.h
288 silly gunzTarPerm modified mode [ 'deps/libiconv/lib/canonical_extra.h', 420, 438 ]
289 silly gunzTarPerm extractEntry nan_persistent_12_inl.h
290 silly gunzTarPerm modified mode [ 'nan_persistent_12_inl.h', 436, 438 ]
291 silly gunzTarPerm extractEntry nan_persistent_pre_12_inl.h
292 silly gunzTarPerm modified mode [ 'nan_persistent_pre_12_inl.h', 436, 438 ]
293 silly gunzTarPerm extractEntry nan_private.h
294 silly gunzTarPerm modified mode [ 'nan_private.h', 436, 438 ]
295 silly gunzTarPerm extractEntry nan_string_bytes.h
296 silly gunzTarPerm modified mode [ 'nan_string_bytes.h', 436, 438 ]
297 silly gunzTarPerm extractEntry deps/libiconv/lib/canonical_local.h
298 silly gunzTarPerm modified mode [ 'deps/libiconv/lib/canonical_local.h', 420, 438 ]
299 silly gunzTarPerm extractEntry deps/libiconv/lib/canonical_local_sysaix.h
300 silly gunzTarPerm modified mode [ 'deps/libiconv/lib/canonical_local_sysaix.h', 420, 438 ]
301 silly gunzTarPerm extractEntry deps/libiconv/lib/canonical_local_syshpux.h
302 silly gunzTarPerm modified mode [ 'deps/libiconv/lib/canonical_local_syshpux.h', 420, 438 ]
303 silly gunzTarPerm extractEntry deps/libiconv/lib/canonical_local_sysosf1.h
304 silly gunzTarPerm modified mode [ 'deps/libiconv/lib/canonical_local_sysosf1.h', 420, 438 ]
305 silly gunzTarPerm extractEntry deps/libiconv/lib/canonical_local_syssolaris.h
306 silly gunzTarPerm modified mode [ 'deps/libiconv/lib/canonical_local_syssolaris.h', 420, 438 ]
307 silly gunzTarPerm extractEntry deps/libiconv/lib/canonical_osf1.h
308 silly gunzTarPerm modified mode [ 'deps/libiconv/lib/canonical_osf1.h', 420, 438 ]
309 silly gunzTarPerm extractEntry deps/libiconv/lib/canonical_osf1_sysosf1.h
310 silly gunzTarPerm modified mode [ 'deps/libiconv/lib/canonical_osf1_sysosf1.h', 420, 438 ]
311 silly gunzTarPerm extractEntry nan_typedarray_contents.h
312 silly gunzTarPerm modified mode [ 'nan_typedarray_contents.h', 436, 438 ]
313 silly gunzTarPerm extractEntry nan_weak.h
314 silly gunzTarPerm modified mode [ 'nan_weak.h', 436, 438 ]
315 silly gunzTarPerm extractEntry deps/libiconv/lib/canonical_sysaix.h
316 silly gunzTarPerm modified mode [ 'deps/libiconv/lib/canonical_sysaix.h', 420, 438 ]
317 silly gunzTarPerm extractEntry deps/libiconv/lib/canonical_syshpux.h
318 silly gunzTarPerm modified mode [ 'deps/libiconv/lib/canonical_syshpux.h', 420, 438 ]
319 silly gunzTarPerm extractEntry deps/libiconv/lib/canonical_sysosf1.h
320 silly gunzTarPerm modified mode [ 'deps/libiconv/lib/canonical_sysosf1.h', 420, 438 ]
321 silly gunzTarPerm extractEntry CHANGELOG.md
322 silly gunzTarPerm modified mode [ 'CHANGELOG.md', 436, 438 ]
323 silly gunzTarPerm extractEntry tools/package.json
324 silly gunzTarPerm modified mode [ 'tools/package.json', 436, 438 ]
325 silly gunzTarPerm extractEntry deps/libiconv/lib/canonical_syssolaris.h
326 silly gunzTarPerm modified mode [ 'deps/libiconv/lib/canonical_syssolaris.h', 420, 438 ]
327 silly gunzTarPerm extractEntry deps/libiconv/lib/ces_big5.h
328 silly gunzTarPerm modified mode [ 'deps/libiconv/lib/ces_big5.h', 420, 438 ]
329 silly gunzTarPerm extractEntry deps/libiconv/lib/ces_gbk.h
330 silly gunzTarPerm modified mode [ 'deps/libiconv/lib/ces_gbk.h', 420, 438 ]
331 silly gunzTarPerm extractEntry tools/README.md
332 silly gunzTarPerm modified mode [ 'tools/README.md', 436, 438 ]
333 silly gunzTarPerm extractEntry tools/1to2.js
334 silly gunzTarPerm modified mode [ 'tools/1to2.js', 509, 511 ]
335 silly gunzTarPerm extractEntry deps/libiconv/lib/cjk_variants.h
336 silly gunzTarPerm modified mode [ 'deps/libiconv/lib/cjk_variants.h', 420, 438 ]
337 silly gunzTarPerm extractEntry deps/libiconv/lib/cns11643.h
338 silly gunzTarPerm modified mode [ 'deps/libiconv/lib/cns11643.h', 420, 438 ]
339 silly gunzTarPerm extractEntry deps/libiconv/lib/cns11643_1.h
340 silly gunzTarPerm modified mode [ 'deps/libiconv/lib/cns11643_1.h', 420, 438 ]
341 silly gunzTarPerm extractEntry deps/libiconv/lib/cns11643_15.h
342 silly gunzTarPerm modified mode [ 'deps/libiconv/lib/cns11643_15.h', 420, 438 ]
343 silly gunzTarPerm extractEntry deps/libiconv/lib/cns11643_2.h
344 silly gunzTarPerm modified mode [ 'deps/libiconv/lib/cns11643_2.h', 420, 438 ]
345 silly gunzTarPerm extractEntry deps/libiconv/lib/cns11643_3.h
346 silly gunzTarPerm modified mode [ 'deps/libiconv/lib/cns11643_3.h', 420, 438 ]
347 silly gunzTarPerm extractEntry deps/libiconv/lib/cns11643_4.h
348 silly gunzTarPerm modified mode [ 'deps/libiconv/lib/cns11643_4.h', 420, 438 ]
349 silly gunzTarPerm extractEntry deps/libiconv/lib/cns11643_4a.h
350 silly gunzTarPerm modified mode [ 'deps/libiconv/lib/cns11643_4a.h', 420, 438 ]
351 silly gunzTarPerm extractEntry deps/libiconv/lib/cns11643_4b.h
352 silly gunzTarPerm modified mode [ 'deps/libiconv/lib/cns11643_4b.h', 420, 438 ]
353 silly gunzTarPerm extractEntry deps/libiconv/lib/cns11643_5.h
354 silly gunzTarPerm modified mode [ 'deps/libiconv/lib/cns11643_5.h', 420, 438 ]
355 silly gunzTarPerm extractEntry deps/libiconv/lib/cns11643_6.h
356 silly gunzTarPerm modified mode [ 'deps/libiconv/lib/cns11643_6.h', 420, 438 ]
357 silly gunzTarPerm extractEntry deps/libiconv/lib/cns11643_7.h
358 silly gunzTarPerm modified mode [ 'deps/libiconv/lib/cns11643_7.h', 420, 438 ]
359 silly gunzTarPerm extractEntry deps/libiconv/lib/cns11643_inv.h
360 silly gunzTarPerm modified mode [ 'deps/libiconv/lib/cns11643_inv.h', 420, 438 ]
361 silly gunzTarPerm extractEntry deps/libiconv/lib/converters.h
362 silly gunzTarPerm modified mode [ 'deps/libiconv/lib/converters.h', 420, 438 ]
363 silly gunzTarPerm extractEntry deps/libiconv/lib/cp1046.h
364 silly gunzTarPerm modified mode [ 'deps/libiconv/lib/cp1046.h', 420, 438 ]
365 silly gunzTarPerm extractEntry deps/libiconv/lib/cp1124.h
366 silly gunzTarPerm modified mode [ 'deps/libiconv/lib/cp1124.h', 420, 438 ]
367 silly gunzTarPerm extractEntry deps/libiconv/lib/cp1125.h
368 silly gunzTarPerm modified mode [ 'deps/libiconv/lib/cp1125.h', 420, 438 ]
369 silly gunzTarPerm extractEntry deps/libiconv/lib/cp1129.h
370 silly gunzTarPerm modified mode [ 'deps/libiconv/lib/cp1129.h', 420, 438 ]
371 silly gunzTarPerm extractEntry deps/libiconv/lib/cp1131.h
372 silly gunzTarPerm modified mode [ 'deps/libiconv/lib/cp1131.h', 420, 438 ]
373 silly gunzTarPerm extractEntry deps/libiconv/lib/cp1133.h
374 silly gunzTarPerm modified mode [ 'deps/libiconv/lib/cp1133.h', 420, 438 ]
375 silly gunzTarPerm extractEntry deps/libiconv/lib/cp1161.h
376 silly gunzTarPerm modified mode [ 'deps/libiconv/lib/cp1161.h', 420, 438 ]
377 silly gunzTarPerm extractEntry deps/libiconv/lib/cp1162.h
378 silly gunzTarPerm modified mode [ 'deps/libiconv/lib/cp1162.h', 420, 438 ]
379 silly gunzTarPerm extractEntry deps/libiconv/lib/cp1163.h
380 silly gunzTarPerm modified mode [ 'deps/libiconv/lib/cp1163.h', 420, 438 ]
381 silly gunzTarPerm extractEntry deps/libiconv/lib/cp1250.h
382 silly gunzTarPerm modified mode [ 'deps/libiconv/lib/cp1250.h', 420, 438 ]
383 silly gunzTarPerm extractEntry deps/libiconv/lib/cp1251.h
384 silly gunzTarPerm modified mode [ 'deps/libiconv/lib/cp1251.h', 420, 438 ]
385 silly gunzTarPerm extractEntry deps/libiconv/lib/cp1252.h
386 silly gunzTarPerm modified mode [ 'deps/libiconv/lib/cp1252.h', 420, 438 ]
387 silly gunzTarPerm extractEntry deps/libiconv/lib/cp1253.h
388 silly gunzTarPerm modified mode [ 'deps/libiconv/lib/cp1253.h', 420, 438 ]
389 silly gunzTarPerm extractEntry deps/libiconv/lib/cp1254.h
390 silly gunzTarPerm modified mode [ 'deps/libiconv/lib/cp1254.h', 420, 438 ]
391 silly gunzTarPerm extractEntry deps/libiconv/lib/cp1255.h
392 silly gunzTarPerm modified mode [ 'deps/libiconv/lib/cp1255.h', 420, 438 ]
393 silly gunzTarPerm extractEntry deps/libiconv/lib/cp1256.h
394 silly gunzTarPerm modified mode [ 'deps/libiconv/lib/cp1256.h', 420, 438 ]
395 silly gunzTarPerm extractEntry deps/libiconv/lib/cp1257.h
396 silly gunzTarPerm modified mode [ 'deps/libiconv/lib/cp1257.h', 420, 438 ]
397 silly gunzTarPerm extractEntry deps/libiconv/lib/cp1258.h
398 silly gunzTarPerm modified mode [ 'deps/libiconv/lib/cp1258.h', 420, 438 ]
399 silly gunzTarPerm extractEntry deps/libiconv/lib/cp437.h
400 silly gunzTarPerm modified mode [ 'deps/libiconv/lib/cp437.h', 420, 438 ]
401 silly gunzTarPerm extractEntry deps/libiconv/lib/cp50221_0208_ext.h
402 silly gunzTarPerm modified mode [ 'deps/libiconv/lib/cp50221_0208_ext.h', 420, 438 ]
403 silly gunzTarPerm extractEntry deps/libiconv/lib/cp50221_0212_ext.h
404 silly gunzTarPerm modified mode [ 'deps/libiconv/lib/cp50221_0212_ext.h', 420, 438 ]
405 silly gunzTarPerm extractEntry deps/libiconv/lib/cp737.h
406 silly gunzTarPerm modified mode [ 'deps/libiconv/lib/cp737.h', 420, 438 ]
407 silly gunzTarPerm extractEntry deps/libiconv/lib/cp775.h
408 silly gunzTarPerm modified mode [ 'deps/libiconv/lib/cp775.h', 420, 438 ]
409 silly gunzTarPerm extractEntry deps/libiconv/lib/cp850.h
410 silly gunzTarPerm modified mode [ 'deps/libiconv/lib/cp850.h', 420, 438 ]
411 silly gunzTarPerm extractEntry deps/libiconv/lib/cp852.h
412 silly gunzTarPerm modified mode [ 'deps/libiconv/lib/cp852.h', 420, 438 ]
413 silly gunzTarPerm extractEntry deps/libiconv/lib/cp853.h
414 silly gunzTarPerm modified mode [ 'deps/libiconv/lib/cp853.h', 420, 438 ]
415 silly gunzTarPerm extractEntry deps/libiconv/lib/cp855.h
416 silly gunzTarPerm modified mode [ 'deps/libiconv/lib/cp855.h', 420, 438 ]
417 silly gunzTarPerm extractEntry deps/libiconv/lib/cp856.h
418 silly gunzTarPerm modified mode [ 'deps/libiconv/lib/cp856.h', 420, 438 ]
419 silly gunzTarPerm extractEntry deps/libiconv/lib/cp857.h
420 silly gunzTarPerm modified mode [ 'deps/libiconv/lib/cp857.h', 420, 438 ]
421 silly gunzTarPerm extractEntry deps/libiconv/lib/cp858.h
422 silly gunzTarPerm modified mode [ 'deps/libiconv/lib/cp858.h', 420, 438 ]
423 silly gunzTarPerm extractEntry deps/libiconv/lib/cp860.h
424 silly gunzTarPerm modified mode [ 'deps/libiconv/lib/cp860.h', 420, 438 ]
425 silly gunzTarPerm extractEntry deps/libiconv/lib/cp861.h
426 silly gunzTarPerm modified mode [ 'deps/libiconv/lib/cp861.h', 420, 438 ]
427 silly gunzTarPerm extractEntry deps/libiconv/lib/cp862.h
428 silly gunzTarPerm modified mode [ 'deps/libiconv/lib/cp862.h', 420, 438 ]
429 silly gunzTarPerm extractEntry deps/libiconv/lib/cp863.h
430 silly gunzTarPerm modified mode [ 'deps/libiconv/lib/cp863.h', 420, 438 ]
431 silly gunzTarPerm extractEntry deps/libiconv/lib/cp864.h
432 silly gunzTarPerm modified mode [ 'deps/libiconv/lib/cp864.h', 420, 438 ]
433 silly gunzTarPerm extractEntry deps/libiconv/lib/cp865.h
434 silly gunzTarPerm modified mode [ 'deps/libiconv/lib/cp865.h', 420, 438 ]
435 silly gunzTarPerm extractEntry deps/libiconv/lib/cp866.h
436 silly gunzTarPerm modified mode [ 'deps/libiconv/lib/cp866.h', 420, 438 ]
437 silly gunzTarPerm extractEntry deps/libiconv/lib/cp869.h
438 silly gunzTarPerm modified mode [ 'deps/libiconv/lib/cp869.h', 420, 438 ]
439 silly gunzTarPerm extractEntry deps/libiconv/lib/cp874.h
440 silly gunzTarPerm modified mode [ 'deps/libiconv/lib/cp874.h', 420, 438 ]
441 silly gunzTarPerm extractEntry deps/libiconv/lib/cp922.h
442 silly gunzTarPerm modified mode [ 'deps/libiconv/lib/cp922.h', 420, 438 ]
443 silly gunzTarPerm extractEntry deps/libiconv/lib/cp932.h
444 silly gunzTarPerm modified mode [ 'deps/libiconv/lib/cp932.h', 420, 438 ]
445 silly gunzTarPerm extractEntry deps/libiconv/lib/cp932ext.h
446 silly gunzTarPerm modified mode [ 'deps/libiconv/lib/cp932ext.h', 420, 438 ]
447 silly gunzTarPerm extractEntry deps/libiconv/lib/cp936.h
448 silly gunzTarPerm modified mode [ 'deps/libiconv/lib/cp936.h', 420, 438 ]
449 silly gunzTarPerm extractEntry deps/libiconv/lib/cp936ext.h
450 silly gunzTarPerm modified mode [ 'deps/libiconv/lib/cp936ext.h', 420, 438 ]
451 silly gunzTarPerm extractEntry deps/libiconv/lib/cp943.h
452 silly gunzTarPerm modified mode [ 'deps/libiconv/lib/cp943.h', 420, 438 ]
453 silly gunzTarPerm extractEntry deps/libiconv/lib/cp949.h
454 silly gunzTarPerm modified mode [ 'deps/libiconv/lib/cp949.h', 420, 438 ]
455 silly gunzTarPerm extractEntry deps/libiconv/lib/cp950.h
456 silly gunzTarPerm modified mode [ 'deps/libiconv/lib/cp950.h', 420, 438 ]
457 silly gunzTarPerm extractEntry deps/libiconv/lib/cp950ext.h
458 silly gunzTarPerm modified mode [ 'deps/libiconv/lib/cp950ext.h', 420, 438 ]
459 silly gunzTarPerm extractEntry deps/libiconv/lib/dec_hanyu.h
460 silly gunzTarPerm modified mode [ 'deps/libiconv/lib/dec_hanyu.h', 420, 438 ]
461 silly gunzTarPerm extractEntry deps/libiconv/lib/dec_kanji.h
462 silly gunzTarPerm modified mode [ 'deps/libiconv/lib/dec_kanji.h', 420, 438 ]
463 silly gunzTarPerm extractEntry deps/libiconv/lib/encodings.def
464 silly gunzTarPerm modified mode [ 'deps/libiconv/lib/encodings.def', 420, 438 ]
465 silly gunzTarPerm extractEntry deps/libiconv/lib/encodings_aix.def
466 silly gunzTarPerm modified mode [ 'deps/libiconv/lib/encodings_aix.def', 420, 438 ]
467 silly gunzTarPerm extractEntry deps/libiconv/lib/encodings_dos.def
468 silly gunzTarPerm modified mode [ 'deps/libiconv/lib/encodings_dos.def', 420, 438 ]
469 silly gentlyRm C:\__Repo.Workspace\12. INO_Nodejs\summer-mvc-com\node_modules\.staging\nan-7410b7b9\node_modules is being purged
470 verbose gentlyRm don't care about contents; nuking C:\__Repo.Workspace\12. INO_Nodejs\summer-mvc-com\node_modules\.staging\nan-7410b7b9\node_modules
471 silly gunzTarPerm extractEntry deps/libiconv/lib/encodings_extra.def
472 silly gunzTarPerm modified mode [ 'deps/libiconv/lib/encodings_extra.def', 420, 438 ]
473 silly gunzTarPerm extractEntry deps/libiconv/lib/encodings_local.def
474 silly gunzTarPerm modified mode [ 'deps/libiconv/lib/encodings_local.def', 420, 438 ]
475 silly gunzTarPerm extractEntry deps/libiconv/lib/encodings_osf1.def
476 silly gunzTarPerm modified mode [ 'deps/libiconv/lib/encodings_osf1.def', 420, 438 ]
477 silly gunzTarPerm extractEntry deps/libiconv/lib/euc_cn.h
478 silly gunzTarPerm modified mode [ 'deps/libiconv/lib/euc_cn.h', 420, 438 ]
479 silly gunzTarPerm extractEntry deps/libiconv/lib/euc_jisx0213.h
480 silly gunzTarPerm modified mode [ 'deps/libiconv/lib/euc_jisx0213.h', 420, 438 ]
481 silly gunzTarPerm extractEntry deps/libiconv/lib/aliases2.h
482 silly gunzTarPerm modified mode [ 'deps/libiconv/lib/aliases2.h', 420, 438 ]
483 silly gunzTarPerm extractEntry deps/libiconv/lib/euc_kr.h
484 silly gunzTarPerm modified mode [ 'deps/libiconv/lib/euc_kr.h', 420, 438 ]
485 silly gunzTarPerm extractEntry deps/libiconv/lib/euc_tw.h
486 silly gunzTarPerm modified mode [ 'deps/libiconv/lib/euc_tw.h', 420, 438 ]
487 silly gunzTarPerm extractEntry deps/libiconv/lib/flags.h
488 silly gunzTarPerm modified mode [ 'deps/libiconv/lib/flags.h', 420, 438 ]
489 silly gunzTarPerm extractEntry deps/libiconv/lib/flushwc.h
490 silly gunzTarPerm modified mode [ 'deps/libiconv/lib/flushwc.h', 420, 438 ]
491 silly gunzTarPerm extractEntry deps/libiconv/lib/gb12345.h
492 silly gunzTarPerm modified mode [ 'deps/libiconv/lib/gb12345.h', 420, 438 ]
493 silly gunzTarPerm extractEntry deps/libiconv/lib/gb12345ext.h
494 silly gunzTarPerm modified mode [ 'deps/libiconv/lib/gb12345ext.h', 420, 438 ]
495 silly gunzTarPerm extractEntry deps/libiconv/lib/gb18030.h
496 silly gunzTarPerm modified mode [ 'deps/libiconv/lib/gb18030.h', 420, 438 ]
497 silly gunzTarPerm extractEntry deps/libiconv/lib/gb18030ext.h
498 silly gunzTarPerm modified mode [ 'deps/libiconv/lib/gb18030ext.h', 420, 438 ]
499 silly gunzTarPerm extractEntry deps/libiconv/lib/gb18030uni.h
500 silly gunzTarPerm modified mode [ 'deps/libiconv/lib/gb18030uni.h', 420, 438 ]
501 silly gunzTarPerm extractEntry deps/libiconv/lib/gb2312.h
502 silly gunzTarPerm modified mode [ 'deps/libiconv/lib/gb2312.h', 420, 438 ]
503 silly gunzTarPerm extractEntry deps/libiconv/lib/gbk.h
504 silly gunzTarPerm modified mode [ 'deps/libiconv/lib/gbk.h', 420, 438 ]
505 silly gunzTarPerm extractEntry deps/libiconv/lib/gbkext1.h
506 silly gunzTarPerm modified mode [ 'deps/libiconv/lib/gbkext1.h', 420, 438 ]
507 silly gunzTarPerm extractEntry deps/libiconv/lib/gbkext2.h
508 silly gunzTarPerm modified mode [ 'deps/libiconv/lib/gbkext2.h', 420, 438 ]
509 silly gunzTarPerm extractEntry deps/libiconv/lib/gbkext_inv.h
510 silly gunzTarPerm modified mode [ 'deps/libiconv/lib/gbkext_inv.h', 420, 438 ]
511 silly gunzTarPerm extractEntry deps/libiconv/lib/georgian_academy.h
512 silly gunzTarPerm modified mode [ 'deps/libiconv/lib/georgian_academy.h', 420, 438 ]
513 silly gunzTarPerm extractEntry deps/libiconv/lib/georgian_ps.h
514 silly gunzTarPerm modified mode [ 'deps/libiconv/lib/georgian_ps.h', 420, 438 ]
515 silly gunzTarPerm extractEntry deps/libiconv/lib/hkscs1999.h
516 silly gunzTarPerm modified mode [ 'deps/libiconv/lib/hkscs1999.h', 420, 438 ]
517 silly gunzTarPerm extractEntry deps/libiconv/lib/hkscs2001.h
518 silly gunzTarPerm modified mode [ 'deps/libiconv/lib/hkscs2001.h', 420, 438 ]
519 silly gunzTarPerm extractEntry deps/libiconv/lib/hkscs2004.h
520 silly gunzTarPerm modified mode [ 'deps/libiconv/lib/hkscs2004.h', 420, 438 ]
521 silly gunzTarPerm extractEntry deps/libiconv/lib/hkscs2008.h
522 silly gunzTarPerm modified mode [ 'deps/libiconv/lib/hkscs2008.h', 420, 438 ]
523 silly gunzTarPerm extractEntry deps/libiconv/lib/hp_roman8.h
524 silly gunzTarPerm modified mode [ 'deps/libiconv/lib/hp_roman8.h', 420, 438 ]
525 silly gunzTarPerm extractEntry deps/libiconv/lib/hz.h
526 silly gunzTarPerm modified mode [ 'deps/libiconv/lib/hz.h', 420, 438 ]
527 silly gunzTarPerm extractEntry deps/libiconv/lib/iconv.c
528 silly gunzTarPerm modified mode [ 'deps/libiconv/lib/iconv.c', 420, 438 ]
529 silly gunzTarPerm extractEntry deps/libiconv/lib/iconv_open1.h
530 silly gunzTarPerm modified mode [ 'deps/libiconv/lib/iconv_open1.h', 420, 438 ]
531 silly gunzTarPerm extractEntry deps/libiconv/lib/iconv_open2.h
532 silly gunzTarPerm modified mode [ 'deps/libiconv/lib/iconv_open2.h', 420, 438 ]
533 silly gunzTarPerm extractEntry deps/libiconv/lib/iso2022_cn.h
534 silly gunzTarPerm modified mode [ 'deps/libiconv/lib/iso2022_cn.h', 420, 438 ]
535 silly gunzTarPerm extractEntry deps/libiconv/lib/iso2022_cnext.h
536 silly gunzTarPerm modified mode [ 'deps/libiconv/lib/iso2022_cnext.h', 420, 438 ]
537 silly gunzTarPerm extractEntry deps/libiconv/lib/iso2022_jp.h
538 silly gunzTarPerm modified mode [ 'deps/libiconv/lib/iso2022_jp.h', 420, 438 ]
539 silly gunzTarPerm extractEntry deps/libiconv/lib/iso2022_jp1.h
540 silly gunzTarPerm modified mode [ 'deps/libiconv/lib/iso2022_jp1.h', 420, 438 ]
541 silly gunzTarPerm extractEntry deps/libiconv/lib/iso2022_jp2.h
542 silly gunzTarPerm modified mode [ 'deps/libiconv/lib/iso2022_jp2.h', 420, 438 ]
543 silly gunzTarPerm extractEntry deps/libiconv/lib/iso2022_jp3.h
544 silly gunzTarPerm modified mode [ 'deps/libiconv/lib/iso2022_jp3.h', 420, 438 ]
545 silly gunzTarPerm extractEntry deps/libiconv/lib/iso2022_jpms.h
546 silly gunzTarPerm modified mode [ 'deps/libiconv/lib/iso2022_jpms.h', 420, 438 ]
547 silly gunzTarPerm extractEntry deps/libiconv/lib/iso2022_kr.h
548 silly gunzTarPerm modified mode [ 'deps/libiconv/lib/iso2022_kr.h', 420, 438 ]
549 silly gunzTarPerm extractEntry deps/libiconv/lib/iso646_cn.h
550 silly gunzTarPerm modified mode [ 'deps/libiconv/lib/iso646_cn.h', 420, 438 ]
551 silly gunzTarPerm extractEntry deps/libiconv/lib/iso646_jp.h
552 silly gunzTarPerm modified mode [ 'deps/libiconv/lib/iso646_jp.h', 420, 438 ]
553 silly gunzTarPerm extractEntry deps/libiconv/lib/iso8859_1.h
554 silly gunzTarPerm modified mode [ 'deps/libiconv/lib/iso8859_1.h', 420, 438 ]
555 silly gunzTarPerm extractEntry deps/libiconv/lib/iso8859_10.h
556 silly gunzTarPerm modified mode [ 'deps/libiconv/lib/iso8859_10.h', 420, 438 ]
557 silly gunzTarPerm extractEntry deps/libiconv/lib/iso8859_11.h
558 silly gunzTarPerm modified mode [ 'deps/libiconv/lib/iso8859_11.h', 420, 438 ]
559 silly gunzTarPerm extractEntry deps/libiconv/lib/iso8859_13.h
560 silly gunzTarPerm modified mode [ 'deps/libiconv/lib/iso8859_13.h', 420, 438 ]
561 silly gunzTarPerm extractEntry deps/libiconv/lib/iso8859_14.h
562 silly gunzTarPerm modified mode [ 'deps/libiconv/lib/iso8859_14.h', 420, 438 ]
563 silly gunzTarPerm extractEntry deps/libiconv/lib/iso8859_15.h
564 silly gunzTarPerm modified mode [ 'deps/libiconv/lib/iso8859_15.h', 420, 438 ]
565 silly gunzTarPerm extractEntry deps/libiconv/lib/iso8859_16.h
566 silly gunzTarPerm modified mode [ 'deps/libiconv/lib/iso8859_16.h', 420, 438 ]
567 silly gunzTarPerm extractEntry deps/libiconv/lib/iso8859_2.h
568 silly gunzTarPerm modified mode [ 'deps/libiconv/lib/iso8859_2.h', 420, 438 ]
569 silly gunzTarPerm extractEntry deps/libiconv/lib/iso8859_3.h
570 silly gunzTarPerm modified mode [ 'deps/libiconv/lib/iso8859_3.h', 420, 438 ]
571 silly gunzTarPerm extractEntry deps/libiconv/lib/iso8859_4.h
572 silly gunzTarPerm modified mode [ 'deps/libiconv/lib/iso8859_4.h', 420, 438 ]
573 silly gunzTarPerm extractEntry deps/libiconv/lib/iso8859_5.h
574 silly gunzTarPerm modified mode [ 'deps/libiconv/lib/iso8859_5.h', 420, 438 ]
575 silly gunzTarPerm extractEntry deps/libiconv/lib/iso8859_6.h
576 silly gunzTarPerm modified mode [ 'deps/libiconv/lib/iso8859_6.h', 420, 438 ]
577 silly gunzTarPerm extractEntry deps/libiconv/lib/iso8859_7.h
578 silly gunzTarPerm modified mode [ 'deps/libiconv/lib/iso8859_7.h', 420, 438 ]
579 silly gunzTarPerm extractEntry deps/libiconv/lib/iso8859_8.h
580 silly gunzTarPerm modified mode [ 'deps/libiconv/lib/iso8859_8.h', 420, 438 ]
581 silly gunzTarPerm extractEntry deps/libiconv/lib/iso8859_9.h
582 silly gunzTarPerm modified mode [ 'deps/libiconv/lib/iso8859_9.h', 420, 438 ]
583 silly gunzTarPerm extractEntry deps/libiconv/lib/isoir165.h
584 silly gunzTarPerm modified mode [ 'deps/libiconv/lib/isoir165.h', 420, 438 ]
585 silly gunzTarPerm extractEntry deps/libiconv/lib/isoir165ext.h
586 silly gunzTarPerm modified mode [ 'deps/libiconv/lib/isoir165ext.h', 420, 438 ]
587 silly gunzTarPerm extractEntry deps/libiconv/lib/java.h
588 silly gunzTarPerm modified mode [ 'deps/libiconv/lib/java.h', 420, 438 ]
589 silly gunzTarPerm extractEntry deps/libiconv/lib/jisx0201.h
590 silly gunzTarPerm modified mode [ 'deps/libiconv/lib/jisx0201.h', 420, 438 ]
591 silly gunzTarPerm extractEntry deps/libiconv/lib/jisx0208.h
592 silly gunzTarPerm modified mode [ 'deps/libiconv/lib/jisx0208.h', 420, 438 ]
593 silly gunzTarPerm extractEntry deps/libiconv/lib/jisx0212.h
594 silly gunzTarPerm modified mode [ 'deps/libiconv/lib/jisx0212.h', 420, 438 ]
595 silly gunzTarPerm extractEntry deps/libiconv/lib/jisx0213.h
596 silly gunzTarPerm modified mode [ 'deps/libiconv/lib/jisx0213.h', 420, 438 ]
597 silly gunzTarPerm extractEntry deps/libiconv/lib/johab.h
598 silly gunzTarPerm modified mode [ 'deps/libiconv/lib/johab.h', 420, 438 ]
599 silly gunzTarPerm extractEntry deps/libiconv/lib/johab_hangul.h
600 silly gunzTarPerm modified mode [ 'deps/libiconv/lib/johab_hangul.h', 420, 438 ]
601 silly gunzTarPerm extractEntry deps/libiconv/lib/koi8_r.h
602 silly gunzTarPerm modified mode [ 'deps/libiconv/lib/koi8_r.h', 420, 438 ]
603 silly gunzTarPerm extractEntry deps/libiconv/lib/koi8_ru.h
604 silly gunzTarPerm modified mode [ 'deps/libiconv/lib/koi8_ru.h', 420, 438 ]
605 silly gunzTarPerm extractEntry deps/libiconv/lib/koi8_t.h
606 silly gunzTarPerm modified mode [ 'deps/libiconv/lib/koi8_t.h', 420, 438 ]
607 silly gunzTarPerm extractEntry deps/libiconv/lib/koi8_u.h
608 silly gunzTarPerm modified mode [ 'deps/libiconv/lib/koi8_u.h', 420, 438 ]
609 silly gunzTarPerm extractEntry deps/libiconv/lib/ksc5601.h
610 silly gunzTarPerm modified mode [ 'deps/libiconv/lib/ksc5601.h', 420, 438 ]
611 silly gunzTarPerm extractEntry deps/libiconv/lib/loop_unicode.h
612 silly gunzTarPerm modified mode [ 'deps/libiconv/lib/loop_unicode.h', 420, 438 ]
613 silly gunzTarPerm extractEntry deps/libiconv/lib/loop_wchar.h
614 silly gunzTarPerm modified mode [ 'deps/libiconv/lib/loop_wchar.h', 420, 438 ]
615 silly gunzTarPerm extractEntry deps/libiconv/lib/loops.h
616 silly gunzTarPerm modified mode [ 'deps/libiconv/lib/loops.h', 420, 438 ]
617 silly gunzTarPerm extractEntry deps/libiconv/lib/mac_arabic.h
618 silly gunzTarPerm modified mode [ 'deps/libiconv/lib/mac_arabic.h', 420, 438 ]
619 silly gunzTarPerm extractEntry deps/libiconv/lib/mac_centraleurope.h
620 silly gunzTarPerm modified mode [ 'deps/libiconv/lib/mac_centraleurope.h', 420, 438 ]
621 silly gunzTarPerm extractEntry deps/libiconv/lib/mac_croatian.h
622 silly gunzTarPerm modified mode [ 'deps/libiconv/lib/mac_croatian.h', 420, 438 ]
623 silly gunzTarPerm extractEntry deps/libiconv/lib/mac_cyrillic.h
624 silly gunzTarPerm modified mode [ 'deps/libiconv/lib/mac_cyrillic.h', 420, 438 ]
625 silly gunzTarPerm extractEntry deps/libiconv/lib/mac_greek.h
626 silly gunzTarPerm modified mode [ 'deps/libiconv/lib/mac_greek.h', 420, 438 ]
627 silly gunzTarPerm extractEntry deps/libiconv/lib/mac_hebrew.h
628 silly gunzTarPerm modified mode [ 'deps/libiconv/lib/mac_hebrew.h', 420, 438 ]
629 silly gunzTarPerm extractEntry deps/libiconv/lib/mac_iceland.h
630 silly gunzTarPerm modified mode [ 'deps/libiconv/lib/mac_iceland.h', 420, 438 ]
631 silly gunzTarPerm extractEntry deps/libiconv/lib/mac_roman.h
632 silly gunzTarPerm modified mode [ 'deps/libiconv/lib/mac_roman.h', 420, 438 ]
633 silly gunzTarPerm extractEntry deps/libiconv/lib/mac_romania.h
634 silly gunzTarPerm modified mode [ 'deps/libiconv/lib/mac_romania.h', 420, 438 ]
635 silly gunzTarPerm extractEntry deps/libiconv/lib/mac_thai.h
636 silly gunzTarPerm modified mode [ 'deps/libiconv/lib/mac_thai.h', 420, 438 ]
637 silly gunzTarPerm extractEntry deps/libiconv/lib/mac_turkish.h
638 silly gunzTarPerm modified mode [ 'deps/libiconv/lib/mac_turkish.h', 420, 438 ]
639 silly gunzTarPerm extractEntry deps/libiconv/lib/mac_ukraine.h
640 silly gunzTarPerm modified mode [ 'deps/libiconv/lib/mac_ukraine.h', 420, 438 ]
641 silly gunzTarPerm extractEntry deps/libiconv/lib/mulelao.h
642 silly gunzTarPerm modified mode [ 'deps/libiconv/lib/mulelao.h', 420, 438 ]
643 silly gunzTarPerm extractEntry deps/libiconv/lib/nextstep.h
644 silly gunzTarPerm modified mode [ 'deps/libiconv/lib/nextstep.h', 420, 438 ]
645 silly gunzTarPerm extractEntry deps/libiconv/lib/pt154.h
646 silly gunzTarPerm modified mode [ 'deps/libiconv/lib/pt154.h', 420, 438 ]
647 silly gunzTarPerm extractEntry deps/libiconv/lib/riscos1.h
648 silly gunzTarPerm modified mode [ 'deps/libiconv/lib/riscos1.h', 420, 438 ]
649 silly gunzTarPerm extractEntry deps/libiconv/lib/rk1048.h
650 silly gunzTarPerm modified mode [ 'deps/libiconv/lib/rk1048.h', 420, 438 ]
651 silly gunzTarPerm extractEntry deps/libiconv/lib/shift_jisx0213.h
652 silly gunzTarPerm modified mode [ 'deps/libiconv/lib/shift_jisx0213.h', 420, 438 ]
653 silly gunzTarPerm extractEntry deps/libiconv/lib/sjis.h
654 silly gunzTarPerm modified mode [ 'deps/libiconv/lib/sjis.h', 420, 438 ]
655 silly gunzTarPerm extractEntry deps/libiconv/lib/tcvn.h
656 silly gunzTarPerm modified mode [ 'deps/libiconv/lib/tcvn.h', 420, 438 ]
657 silly gunzTarPerm extractEntry deps/libiconv/lib/tds565.h
658 silly gunzTarPerm modified mode [ 'deps/libiconv/lib/tds565.h', 420, 438 ]
659 silly gunzTarPerm extractEntry deps/libiconv/lib/tis620.h
660 silly gunzTarPerm modified mode [ 'deps/libiconv/lib/tis620.h', 420, 438 ]
661 silly gunzTarPerm extractEntry deps/libiconv/lib/translit.h
662 silly gunzTarPerm modified mode [ 'deps/libiconv/lib/translit.h', 420, 438 ]
663 silly gunzTarPerm extractEntry deps/libiconv/lib/ucs2.h
664 silly gunzTarPerm modified mode [ 'deps/libiconv/lib/ucs2.h', 420, 438 ]
665 silly gunzTarPerm extractEntry deps/libiconv/lib/ucs2be.h
666 silly gunzTarPerm modified mode [ 'deps/libiconv/lib/ucs2be.h', 420, 438 ]
667 silly gunzTarPerm extractEntry deps/libiconv/lib/ucs2internal.h
668 silly gunzTarPerm modified mode [ 'deps/libiconv/lib/ucs2internal.h', 420, 438 ]
669 silly gunzTarPerm extractEntry deps/libiconv/lib/ucs2le.h
670 silly gunzTarPerm modified mode [ 'deps/libiconv/lib/ucs2le.h', 420, 438 ]
671 silly gunzTarPerm extractEntry deps/libiconv/lib/ucs2swapped.h
672 silly gunzTarPerm modified mode [ 'deps/libiconv/lib/ucs2swapped.h', 420, 438 ]
673 silly gunzTarPerm extractEntry deps/libiconv/lib/ucs4.h
674 silly gunzTarPerm modified mode [ 'deps/libiconv/lib/ucs4.h', 420, 438 ]
675 silly gunzTarPerm extractEntry deps/libiconv/lib/ucs4be.h
676 silly gunzTarPerm modified mode [ 'deps/libiconv/lib/ucs4be.h', 420, 438 ]
677 silly gunzTarPerm extractEntry deps/libiconv/lib/ucs4internal.h
678 silly gunzTarPerm modified mode [ 'deps/libiconv/lib/ucs4internal.h', 420, 438 ]
679 silly gunzTarPerm extractEntry deps/libiconv/lib/ucs4le.h
680 silly gunzTarPerm modified mode [ 'deps/libiconv/lib/ucs4le.h', 420, 438 ]
681 silly gunzTarPerm extractEntry deps/libiconv/lib/ucs4swapped.h
682 silly gunzTarPerm modified mode [ 'deps/libiconv/lib/ucs4swapped.h', 420, 438 ]
683 silly gunzTarPerm extractEntry deps/libiconv/lib/uhc_1.h
684 silly gunzTarPerm modified mode [ 'deps/libiconv/lib/uhc_1.h', 420, 438 ]
685 silly gunzTarPerm extractEntry deps/libiconv/lib/uhc_2.h
686 silly gunzTarPerm modified mode [ 'deps/libiconv/lib/uhc_2.h', 420, 438 ]
687 silly gunzTarPerm extractEntry deps/libiconv/lib/utf16.h
688 silly gunzTarPerm modified mode [ 'deps/libiconv/lib/utf16.h', 420, 438 ]
689 silly gunzTarPerm extractEntry deps/libiconv/lib/utf16be.h
690 silly gunzTarPerm modified mode [ 'deps/libiconv/lib/utf16be.h', 420, 438 ]
691 silly gunzTarPerm extractEntry deps/libiconv/lib/utf16le.h
692 silly gunzTarPerm modified mode [ 'deps/libiconv/lib/utf16le.h', 420, 438 ]
693 silly gunzTarPerm extractEntry deps/libiconv/lib/utf32.h
694 silly gunzTarPerm modified mode [ 'deps/libiconv/lib/utf32.h', 420, 438 ]
695 silly gunzTarPerm extractEntry deps/libiconv/lib/utf32be.h
696 silly gunzTarPerm modified mode [ 'deps/libiconv/lib/utf32be.h', 420, 438 ]
697 silly gunzTarPerm extractEntry deps/libiconv/lib/utf32le.h
698 silly gunzTarPerm modified mode [ 'deps/libiconv/lib/utf32le.h', 420, 438 ]
699 silly gunzTarPerm extractEntry deps/libiconv/lib/utf7.h
700 silly gunzTarPerm modified mode [ 'deps/libiconv/lib/utf7.h', 420, 438 ]
701 silly gunzTarPerm extractEntry deps/libiconv/lib/utf8.h
702 silly gunzTarPerm modified mode [ 'deps/libiconv/lib/utf8.h', 420, 438 ]
703 silly gunzTarPerm extractEntry deps/libiconv/lib/vietcomb.h
704 silly gunzTarPerm modified mode [ 'deps/libiconv/lib/vietcomb.h', 420, 438 ]
705 silly gunzTarPerm extractEntry deps/libiconv/lib/viscii.h
706 silly gunzTarPerm modified mode [ 'deps/libiconv/lib/viscii.h', 420, 438 ]
707 silly gunzTarPerm extractEntry lib/iconv.js
708 silly gunzTarPerm modified mode [ 'lib/iconv.js', 420, 438 ]
709 silly gunzTarPerm extractEntry src/binding.cc
710 silly gunzTarPerm modified mode [ 'src/binding.cc', 420, 438 ]
711 silly gunzTarPerm extractEntry support/config.h
712 silly gunzTarPerm modified mode [ 'support/config.h', 420, 438 ]
713 silly gunzTarPerm extractEntry support/iconv.h
714 silly gunzTarPerm modified mode [ 'support/iconv.h', 420, 438 ]
715 silly gunzTarPerm extractEntry support/localcharset.c
716 silly gunzTarPerm modified mode [ 'support/localcharset.c', 420, 438 ]
717 silly gunzTarPerm extractEntry support/localcharset.h
718 silly gunzTarPerm modified mode [ 'support/localcharset.h', 420, 438 ]
719 silly gunzTarPerm extractEntry test/run-tests.js
720 silly gunzTarPerm modified mode [ 'test/run-tests.js', 420, 438 ]
721 silly gunzTarPerm extractEntry test/test-basic.js
722 silly gunzTarPerm modified mode [ 'test/test-basic.js', 420, 438 ]
723 silly gunzTarPerm extractEntry test/test-big-buffer.js
724 silly gunzTarPerm modified mode [ 'test/test-big-buffer.js', 420, 438 ]
725 silly gunzTarPerm extractEntry test/test-stream.js
726 silly gunzTarPerm modified mode [ 'test/test-stream.js', 420, 438 ]
727 silly gunzTarPerm extractEntry test/fixtures/lorem-ipsum.txt
728 silly gunzTarPerm modified mode [ 'test/fixtures/lorem-ipsum.txt', 420, 438 ]
729 silly gentlyRm C:\__Repo.Workspace\12. INO_Nodejs\summer-mvc-com\node_modules\.staging\iconv-751adb31\node_modules is being purged
730 verbose gentlyRm don't care about contents; nuking C:\__Repo.Workspace\12. INO_Nodejs\summer-mvc-com\node_modules\.staging\iconv-751adb31\node_modules
731 silly doParallel preinstall 2
732 silly preinstall nan@2.7.0 C:\__Repo.Workspace\12. INO_Nodejs\summer-mvc-com\node_modules\.staging\nan-7410b7b9
733 info lifecycle nan@2.7.0~preinstall: nan@2.7.0
734 silly preinstall iconv@2.3.0 C:\__Repo.Workspace\12. INO_Nodejs\summer-mvc-com\node_modules\.staging\iconv-751adb31
735 info lifecycle iconv@2.3.0~preinstall: iconv@2.3.0
736 silly lifecycle nan@2.7.0~preinstall: no script for preinstall, continuing
737 silly lifecycle iconv@2.3.0~preinstall: no script for preinstall, continuing
738 silly doReverseSerial remove 0
739 silly doSerial move 0
740 silly doSerial finalize 2
741 silly finalize C:\__Repo.Workspace\12. INO_Nodejs\summer-mvc-com\node_modules\nan
742 silly finalize C:\__Repo.Workspace\12. INO_Nodejs\summer-mvc-com\node_modules\iconv
743 silly doSerial build 2
744 silly build nan@2.7.0
745 info linkStuff nan@2.7.0
746 silly linkStuff nan@2.7.0 has C:\__Repo.Workspace\12. INO_Nodejs\summer-mvc-com\node_modules as its parent node_modules
747 verbose linkBins nan@2.7.0
748 verbose linkMans nan@2.7.0
749 silly build iconv@2.3.0
750 info linkStuff iconv@2.3.0
751 silly linkStuff iconv@2.3.0 has C:\__Repo.Workspace\12. INO_Nodejs\summer-mvc-com\node_modules as its parent node_modules
752 verbose linkBins iconv@2.3.0
753 verbose linkMans iconv@2.3.0
754 silly doSerial global-link 0
755 silly doParallel update-linked 0
756 silly doSerial install 2
757 silly install nan@2.7.0 C:\__Repo.Workspace\12. INO_Nodejs\summer-mvc-com\node_modules\.staging\nan-7410b7b9
758 info lifecycle nan@2.7.0~install: nan@2.7.0
759 silly lifecycle nan@2.7.0~install: no script for install, continuing
760 silly install iconv@2.3.0 C:\__Repo.Workspace\12. INO_Nodejs\summer-mvc-com\node_modules\.staging\iconv-751adb31
761 info lifecycle iconv@2.3.0~install: iconv@2.3.0
762 verbose lifecycle iconv@2.3.0~install: unsafe-perm in lifecycle true
763 verbose lifecycle iconv@2.3.0~install: PATH: C:\Program Files\nodejs\node_modules\npm\bin\node-gyp-bin;C:\__Repo.Workspace\12. INO_Nodejs\summer-mvc-com\node_modules\iconv\node_modules\.bin;C:\__Repo.Workspace\12. INO_Nodejs\summer-mvc-com\node_modules\.bin;C:\Program Files\Black Duck Software\protexIP\bin;C:\ProgramData\Oracle\Java\javapath;C:\Program Files (x86)\Intel\iCLS Client\;C:\Program Files\Intel\iCLS Client\;C:\Windows\system32;C:\Windows;C:\Windows\System32\Wbem;C:\Windows\System32\WindowsPowerShell\v1.0\;C:\Program Files\Intel\WiFi\bin\;C:\Program Files\Common Files\Intel\WirelessCommon\;C:\Program Files\Lenovo\Touch Fingerprint Software\;C:\Program Files (x86)\Intel\Intel(R) Management Engine Components\DAL;C:\Program Files\Intel\Intel(R) Management Engine Components\DAL;C:\Program Files (x86)\Intel\Intel(R) Management Engine Components\IPT;C:\Program Files\Intel\Intel(R) Management Engine Components\IPT;C:\Program Files\Microsoft SQL Server\Client SDK\ODBC\110\Tools\Binn\;C:\Program Files (x86)\Microsoft SQL Server\120\Tools\Binn\ManagementStudio\;C:\Program Files (x86)\Microsoft SQL Server\120\Tools\Binn\;C:\Program Files\Microsoft SQL Server\120\Tools\Binn\;C:\Program Files (x86)\Microsoft SQL Server\120\DTS\Binn\;C:\Program Files\Microsoft SQL Server\120\DTS\Binn\;C:\Program Files\Git\cmd;C:\Program Files\nodejs\;C:\cygwin64;\bin;%CYGWIN%\bin;C:\Program Files\mingw-w64\x86_64-4.9.2-posix-seh-rt_v4-rev2\mingw64\bin;;C:\TDM-GCC-64\bin;C:\Users\changho1.kang\AppData\Roaming\npm;C:\Program Files (x86)\Nmap;C:\Users\changho1.kang\AppData\Local\atom\bin
764 verbose lifecycle iconv@2.3.0~install: CWD: C:\__Repo.Workspace\12. INO_Nodejs\summer-mvc-com\node_modules\iconv
765 silly lifecycle iconv@2.3.0~install: Args: [ '/d /s /c', 'node-gyp rebuild' ]
766 silly lifecycle iconv@2.3.0~install: Returned: code: 1  signal: null
767 info lifecycle iconv@2.3.0~install: Failed to exec install script
768 verbose unlock done using C:\Users\changho1.kang\AppData\Roaming\npm-cache\_locks\staging-39a08266dd816377.lock for C:\__Repo.Workspace\12. INO_Nodejs\summer-mvc-com\node_modules\.staging
769 silly rollbackFailedOptional Starting
770 silly rollbackFailedOptional Finishing
771 silly runTopLevelLifecycles Finishing
772 silly install printInstalled
773 warn summer-mvc-com@1.0.0 No description
774 verbose If you need help, you may report this error at:
774 verbose     <https://github.com/npm/npm/issues>
775 verbose stack Error: iconv@2.3.0 install: `node-gyp rebuild`
775 verbose stack Exit status 1
775 verbose stack     at EventEmitter.<anonymous> (C:\Program Files\nodejs\node_modules\npm\lib\utils\lifecycle.js:255:16)
775 verbose stack     at emitTwo (events.js:106:13)
775 verbose stack     at EventEmitter.emit (events.js:191:7)
775 verbose stack     at ChildProcess.<anonymous> (C:\Program Files\nodejs\node_modules\npm\lib\utils\spawn.js:40:14)
775 verbose stack     at emitTwo (events.js:106:13)
775 verbose stack     at ChildProcess.emit (events.js:191:7)
775 verbose stack     at maybeClose (internal/child_process.js:877:16)
775 verbose stack     at Process.ChildProcess._handle.onexit (internal/child_process.js:226:5)
776 verbose pkgid iconv@2.3.0
777 verbose cwd C:\__Repo.Workspace\12. INO_Nodejs\summer-mvc-com
778 error Windows_NT 6.1.7601
779 error argv "C:\\Program Files\\nodejs\\node.exe" "C:\\Program Files\\nodejs\\node_modules\\npm\\bin\\npm-cli.js" "install" "iconv" "--save"
780 error node v6.9.1
781 error npm  v3.10.8
782 error code ELIFECYCLE
783 error iconv@2.3.0 install: `node-gyp rebuild`
783 error Exit status 1
784 error Failed at the iconv@2.3.0 install script 'node-gyp rebuild'.
784 error Make sure you have the latest version of node.js and npm installed.
784 error If you do, this is most likely a problem with the iconv package,
784 error not with npm itself.
784 error Tell the author that this fails on your system:
784 error     node-gyp rebuild
784 error You can get information on how to open an issue for this project with:
784 error     npm bugs iconv
784 error Or if that isn't available, you can get their info via:
784 error     npm owner ls iconv
784 error There is likely additional logging output above.
785 verbose exit [ 1, true ]
